2002.04.26 14:34 B D:\Documents and Settings\James Tysse\My Documents\My Webs\myweb2\images\data49er.jpg --> blue.unix.virginia.edu /h1/j/je/jet6m/images data49er.jpg
2002.04.26 14:34 B D:\Documents and Settings\James Tysse\My Documents\My Webs\myweb2\images\funeral.WMV --> blue.unix.virginia.edu /h1/j/je/jet6m/images funeral.WMV
2002.04.26 14:34 B D:\Documents and Settings\James Tysse\My Documents\My Webs\myweb2\images\halley's.wmv --> blue.unix.virginia.edu /h1/j/je/jet6m/images halley's.wmv
2002.04.26 14:34 B D:\Documents and Settings\James Tysse\My Documents\My Webs\myweb2\images\hanged.jpg --> blue.unix.virginia.edu /h1/j/je/jet6m/images hanged.jpg
2002.04.26 14:34 B D:\Documents and Settings\James Tysse\My Documents\My Webs\myweb2\images\huck and tom.gif --> blue.unix.virginia.edu /h1/j/je/jet6m/images huck and tom.gif
2002.04.26 14:34 B D:\Documents and Settings\James Tysse\My Documents\My Webs\myweb2\images\huck and tom.JPG --> blue.unix.virginia.edu /h1/j/je/jet6m/images huck and tom.JPG
2002.04.26 14:34 B D:\Documents and Settings\James Tysse\My Documents\My Webs\myweb2\images\huck tom steamboat.jpg --> blue.unix.virginia.edu /h1/j/je/jet6m/images huck tom steamboat.jpg
2002.04.26 14:34 B D:\Documents and Settings\James Tysse\My Documents\My Webs\myweb2\images\huckandlisa.jpg --> blue.unix.virginia.edu /h1/j/je/jet6m/images huckandlisa.jpg
2002.04.26 14:34 B D:\Documents and Settings\James Tysse\My Documents\My Webs\myweb2\images\light out.WMV --> blue.unix.virginia.edu /h1/j/je/jet6m/images light out.WMV
2002.04.26 14:34 B D:\Documents and Settings\James Tysse\My Documents\My Webs\myweb2\images\mtsemback.jpg --> blue.unix.virginia.edu /h1/j/je/jet6m/images mtsemback.jpg
2002.04.26 14:34 B D:\Documents and Settings\James Tysse\My Documents\My Webs\myweb2\images\old man river.jpg --> blue.unix.virginia.edu /h1/j/je/jet6m/images old man river.jpg
2002.04.26 14:35 B D:\Documents and Settings\James Tysse\My Documents\My Webs\myweb2\images\sawyerfinnfuneral.jpg --> blue.unix.virginia.edu /h1/j/je/jet6m/images sawyerfinnfuneral.jpg
2002.04.26 14:35 B D:\Documents and Settings\James Tysse\My Documents\My Webs\myweb2\images\simpsons intro 1.WMV --> blue.unix.virginia.edu /h1/j/je/jet6m/images simpsons intro 1.WMV
2002.04.26 14:35 B D:\Documents and Settings\James Tysse\My Documents\My Webs\myweb2\images\simpsons091299.jpg --> blue.unix.virginia.edu /h1/j/je/jet6m/images simpsons091299.jpg
2002.04.26 14:35 B D:\Documents and Settings\James Tysse\My Documents\My Webs\myweb2\images\STcrewno twain.jpg --> blue.unix.virginia.edu /h1/j/je/jet6m/images STcrewno twain.jpg
2002.04.26 14:35 B D:\Documents and Settings\James Tysse\My Documents\My Webs\myweb2\images\SThappyending.WMV --> blue.unix.virginia.edu /h1/j/je/jet6m/images SThappyending.WMV
2002.04.26 14:35 B D:\Documents and Settings\James Tysse\My Documents\My Webs\myweb2\images\STimperialismvideo.WMV --> blue.unix.virginia.edu /h1/j/je/jet6m/images STimperialismvideo.WMV
2002.04.26 14:35 B D:\Documents and Settings\James Tysse\My Documents\My Webs\myweb2\images\STmark twain solo.jpg --> blue.unix.virginia.edu /h1/j/je/jet6m/images STmark twain solo.jpg
2002.04.26 14:35 B D:\Documents and Settings\James Tysse\My Documents\My Webs\myweb2\images\STmarktwaincigarvideo.WMV --> blue.unix.virginia.edu /h1/j/je/jet6m/images STmarktwaincigarvideo.WMV
2002.04.26 14:35 B D:\Documents and Settings\James Tysse\My Documents\My Webs\myweb2\images\STmaybe its worth giving up cigars.WMV --> blue.unix.virginia.edu /h1/j/je/jet6m/images STmaybe its worth giving up cigars.WMV
2002.04.26 14:35 B D:\Documents and Settings\James Tysse\My Documents\My Webs\myweb2\images\STMT close.jpg --> blue.unix.virginia.edu /h1/j/je/jet6m/images STMT close.jpg
2002.04.26 14:35 B D:\Documents and Settings\James Tysse\My Documents\My Webs\myweb2\images\STtwaincigar.jpg --> blue.unix.virginia.edu /h1/j/je/jet6m/images STtwaincigar.jpg
2002.04.26 14:35 B D:\Documents and Settings\James Tysse\My Documents\My Webs\myweb2\images\STtwaingadget.jpg --> blue.unix.virginia.edu /h1/j/je/jet6m/images STtwaingadget.jpg
2002.04.26 14:36 B D:\Documents and Settings\James Tysse\My Documents\My Webs\myweb2\images\STtwainintransporter.jpg --> blue.unix.virginia.edu /h1/j/je/jet6m/images STtwainintransporter.jpg
2002.04.26 14:36 B D:\Documents and Settings\James Tysse\My Documents\My Webs\myweb2\images\STtwainthecynic.WMV --> blue.unix.virginia.edu /h1/j/je/jet6m/images STtwainthecynic.WMV
2002.04.26 14:36 B D:\Documents and Settings\James Tysse\My Documents\My Webs\myweb2\images\STwhatiam.wmv --> blue.unix.virginia.edu /h1/j/je/jet6m/images STwhatiam.wmv
2002.04.26 14:36 B D:\Documents and Settings\James Tysse\My Documents\My Webs\myweb2\images\Thumbs.db --> blue.unix.virginia.edu /h1/j/je/jet6m/images Thumbs.db
2002.04.26 14:36 B D:\Documents and Settings\James Tysse\My Documents\My Webs\myweb2\images\Twa2Tom32.gif --> blue.unix.virginia.edu /h1/j/je/jet6m/images Twa2Tom32.gif
2002.04.26 14:36 B D:\Documents and Settings\James Tysse\My Documents\My Webs\myweb2\images\twain and star trek cast.jpg --> blue.unix.virginia.edu /h1/j/je/jet6m/images twain and star trek cast.jpg
2002.04.26 14:36 B D:\Documents and Settings\James Tysse\My Documents\My Webs\myweb2\images\untitled.bmp --> blue.unix.virginia.edu /h1/j/je/jet6m/images untitled.bmp
2002.04.26 14:37 B D:\Documents and Settings\James Tysse\My Documents\My Webs\myweb2\images\watching the funeral.jpg --> blue.unix.virginia.edu /h1/j/je/jet6m/images watching the funeral.jpg
2002.04.26 14:37 B D:\Documents and Settings\James Tysse\My Documents\My Webs\myweb2\images\whitewash.jpg --> blue.unix.virginia.edu /h1/j/je/jet6m/images whitewash.jpg
2002.04.26 14:37 B D:\Documents and Settings\James Tysse\My Documents\My Webs\myweb2\images\whitewashing.WMV --> blue.unix.virginia.edu /h1/j/je/jet6m/images whitewashing.WMV
2002.04.26 14:37 B D:\Documents and Settings\James Tysse\My Documents\My Webs\myweb2\images\yankee1.WMV --> blue.unix.virginia.edu /h1/j/je/jet6m/images yankee1.WMV
2002.04.26 14:43 B D:\Documents and Settings\James Tysse\My Documents\My Webs\myweb2\images\data49er.jpg --> blue.unix.virginia.edu /h1/j/je/jet6m/public_html/images data49er.jpg
2002.04.26 14:43 B D:\Documents and Settings\James Tysse\My Documents\My Webs\myweb2\images\funeral.WMV --> blue.unix.virginia.edu /h1/j/je/jet6m/public_html/images funeral.WMV
2002.04.26 14:43 B D:\Documents and Settings\James Tysse\My Documents\My Webs\myweb2\images\halley's.wmv --> blue.unix.virginia.edu /h1/j/je/jet6m/public_html/images halley's.wmv
2002.04.26 14:43 B D:\Documents and Settings\James Tysse\My Documents\My Webs\myweb2\images\hanged.jpg --> blue.unix.virginia.edu /h1/j/je/jet6m/public_html/images hanged.jpg
2002.04.26 14:43 B D:\Documents and Settings\James Tysse\My Documents\My Webs\myweb2\images\huck and tom.gif --> blue.unix.virginia.edu /h1/j/je/jet6m/public_html/images huck and tom.gif
2002.04.26 14:43 B D:\Documents and Settings\James Tysse\My Documents\My Webs\myweb2\images\huck and tom.JPG --> blue.unix.virginia.edu /h1/j/je/jet6m/public_html/images huck and tom.JPG
2002.04.26 14:43 B D:\Documents and Settings\James Tysse\My Documents\My Webs\myweb2\images\huck tom steamboat.jpg --> blue.unix.virginia.edu /h1/j/je/jet6m/public_html/images huck tom steamboat.jpg
2002.04.26 14:43 B D:\Documents and Settings\James Tysse\My Documents\My Webs\myweb2\images\huckandlisa.jpg --> blue.unix.virginia.edu /h1/j/je/jet6m/public_html/images huckandlisa.jpg
2002.04.26 14:43 B D:\Documents and Settings\James Tysse\My Documents\My Webs\myweb2\images\light out.WMV --> blue.unix.virginia.edu /h1/j/je/jet6m/public_html/images light out.WMV
2002.04.26 14:43 B D:\Documents and Settings\James Tysse\My Documents\My Webs\myweb2\images\mtsemback.jpg --> blue.unix.virginia.edu /h1/j/je/jet6m/public_html/images mtsemback.jpg
2002.04.26 14:43 B D:\Documents and Settings\James Tysse\My Documents\My Webs\myweb2\images\old man river.jpg --> blue.unix.virginia.edu /h1/j/je/jet6m/public_html/images old man river.jpg
2002.04.26 14:43 B D:\Documents and Settings\James Tysse\My Documents\My Webs\myweb2\images\sawyerfinnfuneral.jpg --> blue.unix.virginia.edu /h1/j/je/jet6m/public_html/images sawyerfinnfuneral.jpg
2002.04.26 14:44 B D:\Documents and Settings\James Tysse\My Documents\My Webs\myweb2\images\simpsons intro 1.WMV --> blue.unix.virginia.edu /h1/j/je/jet6m/public_html/images simpsons intro 1.WMV
2002.04.26 14:44 B D:\Documents and Settings\James Tysse\My Documents\My Webs\myweb2\images\simpsons091299.jpg --> blue.unix.virginia.edu /h1/j/je/jet6m/public_html/images simpsons091299.jpg
2002.04.26 14:44 B D:\Documents and Settings\James Tysse\My Documents\My Webs\myweb2\images\STcrewno twain.jpg --> blue.unix.virginia.edu /h1/j/je/jet6m/public_html/images STcrewno twain.jpg
2002.04.26 14:44 B D:\Documents and Settings\James Tysse\My Documents\My Webs\myweb2\images\SThappyending.WMV --> blue.unix.virginia.edu /h1/j/je/jet6m/public_html/images SThappyending.WMV
2002.04.26 14:44 B D:\Documents and Settings\James Tysse\My Documents\My Webs\myweb2\images\STimperialismvideo.WMV --> blue.unix.virginia.edu /h1/j/je/jet6m/public_html/images STimperialismvideo.WMV
2002.04.26 14:44 B D:\Documents and Settings\James Tysse\My Documents\My Webs\myweb2\images\STmark twain solo.jpg --> blue.unix.virginia.edu /h1/j/je/jet6m/public_html/images STmark twain solo.jpg
2002.04.26 14:44 B D:\Documents and Settings\James Tysse\My Documents\My Webs\myweb2\images\STmarktwaincigarvideo.WMV --> blue.unix.virginia.edu /h1/j/je/jet6m/public_html/images STmarktwaincigarvideo.WMV
2002.04.26 14:44 B D:\Documents and Settings\James Tysse\My Documents\My Webs\myweb2\images\STmaybe its worth giving up cigars.WMV --> blue.unix.virginia.edu /h1/j/je/jet6m/public_html/images STmaybe its worth giving up cigars.WMV
2002.04.26 14:44 B D:\Documents and Settings\James Tysse\My Documents\My Webs\myweb2\images\STMT close.jpg --> blue.unix.virginia.edu /h1/j/je/jet6m/public_html/images STMT close.jpg
2002.04.26 14:44 B D:\Documents and Settings\James Tysse\My Documents\My Webs\myweb2\images\STtwaincigar.jpg --> blue.unix.virginia.edu /h1/j/je/jet6m/public_html/images STtwaincigar.jpg
2002.04.26 14:44 B D:\Documents and Settings\James Tysse\My Documents\My Webs\myweb2\images\STtwaingadget.jpg --> blue.unix.virginia.edu /h1/j/je/jet6m/public_html/images STtwaingadget.jpg
2002.04.26 14:44 B D:\Documents and Settings\James Tysse\My Documents\My Webs\myweb2\images\STtwainintransporter.jpg --> blue.unix.virginia.edu /h1/j/je/jet6m/public_html/images STtwainintransporter.jpg
2002.04.26 14:45 B D:\Documents and Settings\James Tysse\My Documents\My Webs\myweb2\images\STtwainthecynic.WMV --> blue.unix.virginia.edu /h1/j/je/jet6m/public_html/images STtwainthecynic.WMV
2002.04.26 14:45 B D:\Documents and Settings\James Tysse\My Documents\My Webs\myweb2\images\STwhatiam.wmv --> blue.unix.virginia.edu /h1/j/je/jet6m/public_html/images STwhatiam.wmv
2002.04.26 14:45 B D:\Documents and Settings\James Tysse\My Documents\My Webs\myweb2\images\Thumbs.db --> blue.unix.virginia.edu /h1/j/je/jet6m/public_html/images Thumbs.db
2002.04.26 14:45 B D:\Documents and Settings\James Tysse\My Documents\My Webs\myweb2\images\Twa2Tom32.gif --> blue.unix.virginia.edu /h1/j/je/jet6m/public_html/images Twa2Tom32.gif
2002.04.26 14:45 B D:\Documents and Settings\James Tysse\My Documents\My Webs\myweb2\images\twain and star trek cast.jpg --> blue.unix.virginia.edu /h1/j/je/jet6m/public_html/images twain and star trek cast.jpg
2002.04.26 14:45 B D:\Documents and Settings\James Tysse\My Documents\My Webs\myweb2\images\untitled.bmp --> blue.unix.virginia.edu /h1/j/je/jet6m/public_html/images untitled.bmp
2002.04.26 14:45 B D:\Documents and Settings\James Tysse\My Documents\My Webs\myweb2\images\watching the funeral.jpg --> blue.unix.virginia.edu /h1/j/je/jet6m/public_html/images watching the funeral.jpg
2002.04.26 14:45 B D:\Documents and Settings\James Tysse\My Documents\My Webs\myweb2\images\whitewash.jpg --> blue.unix.virginia.edu /h1/j/je/jet6m/public_html/images whitewash.jpg
2002.04.26 14:46 B D:\Documents and Settings\James Tysse\My Documents\My Webs\myweb2\images\whitewashing.WMV --> blue.unix.virginia.edu /h1/j/je/jet6m/public_html/images whitewashing.WMV
2002.04.26 14:46 B D:\Documents and Settings\James Tysse\My Documents\My Webs\myweb2\images\WS_FTP.LOG --> blue.unix.virginia.edu /h1/j/je/jet6m/public_html/images WS_FTP.LOG
2002.04.26 14:46 B D:\Documents and Settings\James Tysse\My Documents\My Webs\myweb2\images\yankee1.WMV --> blue.unix.virginia.edu /h1/j/je/jet6m/public_html/images yankee1.WMV
2002.04.26 16:39 B D:\Documents and Settings\James Tysse\My Documents\My Webs\myweb2\images\WS_FTP.LOG --> blue.unix.virginia.edu /h1/j/je/jet6m/public_html/images WS_FTP.LOG
2002.04.26 19:05 B D:\Documents and Settings\James Tysse\My Documents\My Webs\myweb2\images\STMT close.psd --> blue.unix.virginia.edu /h1/j/je/jet6m/public_html/images STMT close.psd
2002.04.26 19:05 B D:\Documents and Settings\James Tysse\My Documents\My Webs\myweb2\images\tngs5.jpg --> blue.unix.virginia.edu /h1/j/je/jet6m/public_html/images tngs5.jpg
2002.04.26 19:05 B D:\Documents and Settings\James Tysse\My Documents\My Webs\myweb2\images\WS_FTP.LOG --> blue.unix.virginia.edu /h1/j/je/jet6m/public_html/images WS_FTP.LOG
2002.04.26 20:17 B D:\Documents and Settings\James Tysse\My Documents\My Webs\myweb2\images\WS_FTP.LOG --> blue.unix.virginia.edu /h1/j/je/jet6m/public_html/images WS_FTP.LOG
2002.04.26 20:26 B D:\Documents and Settings\James Tysse\My Documents\My Webs\myweb2\images\WS_FTP.LOG --> blue.unix.virginia.edu /h1/j/je/jet6m/public_html/images WS_FTP.LOG
2002.05.29 10:01 B C:\data\james\images\WS_FTP.LOG <-- blue /h1/j/je/jet6m/public_html/images WS_FTP.LOG
2002.05.29 10:01 B C:\data\james\images\yankee1.WMV <-- blue /h1/j/je/jet6m/public_html/images yankee1.WMV
2002.05.29 10:03 B C:\data\james\images\data49er.jpg --> etext.lib.virginia.edu /lv6/workspace/railton/projects/tysse/images data49er.jpg
2002.05.29 10:03 B C:\data\james\images\funeral.WMV --> etext.lib.virginia.edu /lv6/workspace/railton/projects/tysse/images funeral.WMV
2002.05.29 10:03 B C:\data\james\images\halley's.wmv --> etext.lib.virginia.edu /lv6/workspace/railton/projects/tysse/images halley's.wmv
2002.05.29 10:03 B C:\data\james\images\hanged.jpg --> etext.lib.virginia.edu /lv6/workspace/railton/projects/tysse/images hanged.jpg
2002.05.29 10:03 B C:\data\james\images\huck and tom.gif --> etext.lib.virginia.edu /lv6/workspace/railton/projects/tysse/images huck and tom.gif
2002.05.29 10:03 B C:\data\james\images\huck and tom.JPG --> etext.lib.virginia.edu /lv6/workspace/railton/projects/tysse/images huck and tom.JPG
2002.05.29 10:03 B C:\data\james\images\huck tom steamboat.jpg --> etext.lib.virginia.edu /lv6/workspace/railton/projects/tysse/images huck tom steamboat.jpg
2002.05.29 10:03 B C:\data\james\images\huckandlisa.jpg --> etext.lib.virginia.edu /lv6/workspace/railton/projects/tysse/images huckandlisa.jpg
2002.05.29 10:03 B C:\data\james\images\light out.WMV --> etext.lib.virginia.edu /lv6/workspace/railton/projects/tysse/images light out.WMV
2002.05.29 10:03 B C:\data\james\images\mtsemback.jpg --> etext.lib.virginia.edu /lv6/workspace/railton/projects/tysse/images mtsemback.jpg
2002.05.29 10:03 B C:\data\james\images\old man river.jpg --> etext.lib.virginia.edu /lv6/workspace/railton/projects/tysse/images old man river.jpg
2002.05.29 10:03 B C:\data\james\images\sawyerfinnfuneral.jpg --> etext.lib.virginia.edu /lv6/workspace/railton/projects/tysse/images sawyerfinnfuneral.jpg
2002.05.29 10:03 B C:\data\james\images\simpsons intro 1.WMV --> etext.lib.virginia.edu /lv6/workspace/railton/projects/tysse/images simpsons intro 1.WMV
2002.05.29 10:03 B C:\data\james\images\simpsons091299.jpg --> etext.lib.virginia.edu /lv6/workspace/railton/projects/tysse/images simpsons091299.jpg
2002.05.29 10:03 B C:\data\james\images\STcrewno twain.jpg --> etext.lib.virginia.edu /lv6/workspace/railton/projects/tysse/images STcrewno twain.jpg
2002.05.29 10:03 B C:\data\james\images\SThappyending.WMV --> etext.lib.virginia.edu /lv6/workspace/railton/projects/tysse/images SThappyending.WMV
2002.05.29 10:03 B C:\data\james\images\STimperialismvideo.WMV --> etext.lib.virginia.edu /lv6/workspace/railton/projects/tysse/images STimperialismvideo.WMV
2002.05.29 10:03 B C:\data\james\images\STmark twain solo.jpg --> etext.lib.virginia.edu /lv6/workspace/railton/projects/tysse/images STmark twain solo.jpg
2002.05.29 10:03 B C:\data\james\images\STmarktwaincigarvideo.WMV --> etext.lib.virginia.edu /lv6/workspace/railton/projects/tysse/images STmarktwaincigarvideo.WMV
2002.05.29 10:03 B C:\data\james\images\STmaybe its worth giving up cigars.WMV --> etext.lib.virginia.edu /lv6/workspace/railton/projects/tysse/images STmaybe its worth giving up cigars.WMV
2002.05.29 10:03 B C:\data\james\images\STMT close.jpg --> etext.lib.virginia.edu /lv6/workspace/railton/projects/tysse/images STMT close.jpg
2002.05.29 10:03 B C:\data\james\images\STMT close.psd --> etext.lib.virginia.edu /lv6/workspace/railton/projects/tysse/images STMT close.psd
2002.05.29 10:03 B C:\data\james\images\STtwaincigar.jpg --> etext.lib.virginia.edu /lv6/workspace/railton/projects/tysse/images STtwaincigar.jpg
2002.05.29 10:03 B C:\data\james\images\STtwaingadget.jpg --> etext.lib.virginia.edu /lv6/workspace/railton/projects/tysse/images STtwaingadget.jpg
2002.05.29 10:03 B C:\data\james\images\STtwainintransporter.jpg --> etext.lib.virginia.edu /lv6/workspace/railton/projects/tysse/images STtwainintransporter.jpg
2002.05.29 10:03 B C:\data\james\images\STtwainthecynic.WMV --> etext.lib.virginia.edu /lv6/workspace/railton/projects/tysse/images STtwainthecynic.WMV
2002.05.29 10:03 B C:\data\james\images\STwhatiam.wmv --> etext.lib.virginia.edu /lv6/workspace/railton/projects/tysse/images STwhatiam.wmv
2002.05.29 10:03 B C:\data\james\images\Thumbs.db --> etext.lib.virginia.edu /lv6/workspace/railton/projects/tysse/images Thumbs.db
2002.05.29 10:03 B C:\data\james\images\tngs5.jpg --> etext.lib.virginia.edu /lv6/workspace/railton/projects/tysse/images tngs5.jpg
2002.05.29 10:04 B C:\data\james\images\Twa2Tom32.gif --> etext.lib.virginia.edu /lv6/workspace/railton/projects/tysse/images Twa2Tom32.gif
2002.05.29 10:04 B C:\data\james\images\twain and star trek cast.jpg --> etext.lib.virginia.edu /lv6/workspace/railton/projects/tysse/images twain and star trek cast.jpg
2002.05.29 10:04 B C:\data\james\images\untitled.bmp --> etext.lib.virginia.edu /lv6/workspace/railton/projects/tysse/images untitled.bmp
2002.05.29 10:04 B C:\data\james\images\watching the funeral.jpg --> etext.lib.virginia.edu /lv6/workspace/railton/projects/tysse/images watching the funeral.jpg
2002.05.29 10:04 B C:\data\james\images\whitewash.jpg --> etext.lib.virginia.edu /lv6/workspace/railton/projects/tysse/images whitewash.jpg
2002.05.29 10:04 B C:\data\james\images\whitewashing.WMV --> etext.lib.virginia.edu /lv6/workspace/railton/projects/tysse/images whitewashing.WMV
