2002.04.26 14:34 B D:\Documents and Settings\James Tysse\My Documents\My Webs\myweb2\images\_vti_cnf\data49er.jpg --> blue.unix.virginia.edu /h1/j/je/jet6m/images/_vti_cnf data49er.jpg
2002.04.26 14:34 B D:\Documents and Settings\James Tysse\My Documents\My Webs\myweb2\images\_vti_cnf\funeral.WMV --> blue.unix.virginia.edu /h1/j/je/jet6m/images/_vti_cnf funeral.WMV
2002.04.26 14:34 B D:\Documents and Settings\James Tysse\My Documents\My Webs\myweb2\images\_vti_cnf\halley's.wmv --> blue.unix.virginia.edu /h1/j/je/jet6m/images/_vti_cnf halley's.wmv
2002.04.26 14:34 B D:\Documents and Settings\James Tysse\My Documents\My Webs\myweb2\images\_vti_cnf\hanged.jpg --> blue.unix.virginia.edu /h1/j/je/jet6m/images/_vti_cnf hanged.jpg
2002.04.26 14:34 B D:\Documents and Settings\James Tysse\My Documents\My Webs\myweb2\images\_vti_cnf\huck and tom.gif --> blue.unix.virginia.edu /h1/j/je/jet6m/images/_vti_cnf huck and tom.gif
2002.04.26 14:34 B D:\Documents and Settings\James Tysse\My Documents\My Webs\myweb2\images\_vti_cnf\huck and tom.JPG --> blue.unix.virginia.edu /h1/j/je/jet6m/images/_vti_cnf huck and tom.JPG
2002.04.26 14:34 B D:\Documents and Settings\James Tysse\My Documents\My Webs\myweb2\images\_vti_cnf\huck tom steamboat.jpg --> blue.unix.virginia.edu /h1/j/je/jet6m/images/_vti_cnf huck tom steamboat.jpg
2002.04.26 14:34 B D:\Documents and Settings\James Tysse\My Documents\My Webs\myweb2\images\_vti_cnf\huckandlisa.jpg --> blue.unix.virginia.edu /h1/j/je/jet6m/images/_vti_cnf huckandlisa.jpg
2002.04.26 14:34 B D:\Documents and Settings\James Tysse\My Documents\My Webs\myweb2\images\_vti_cnf\light out.WMV --> blue.unix.virginia.edu /h1/j/je/jet6m/images/_vti_cnf light out.WMV
2002.04.26 14:34 B D:\Documents and Settings\James Tysse\My Documents\My Webs\myweb2\images\_vti_cnf\mtsemback.jpg --> blue.unix.virginia.edu /h1/j/je/jet6m/images/_vti_cnf mtsemback.jpg
2002.04.26 14:34 B D:\Documents and Settings\James Tysse\My Documents\My Webs\myweb2\images\_vti_cnf\old man river.jpg --> blue.unix.virginia.edu /h1/j/je/jet6m/images/_vti_cnf old man river.jpg
2002.04.26 14:34 B D:\Documents and Settings\James Tysse\My Documents\My Webs\myweb2\images\_vti_cnf\sawyerfinnfuneral.jpg --> blue.unix.virginia.edu /h1/j/je/jet6m/images/_vti_cnf sawyerfinnfuneral.jpg
2002.04.26 14:34 B D:\Documents and Settings\James Tysse\My Documents\My Webs\myweb2\images\_vti_cnf\simpsons intro 1.WMV --> blue.unix.virginia.edu /h1/j/je/jet6m/images/_vti_cnf simpsons intro 1.WMV
2002.04.26 14:34 B D:\Documents and Settings\James Tysse\My Documents\My Webs\myweb2\images\_vti_cnf\simpsons091299.jpg --> blue.unix.virginia.edu /h1/j/je/jet6m/images/_vti_cnf simpsons091299.jpg
2002.04.26 14:34 B D:\Documents and Settings\James Tysse\My Documents\My Webs\myweb2\images\_vti_cnf\STcrewno twain.jpg --> blue.unix.virginia.edu /h1/j/je/jet6m/images/_vti_cnf STcrewno twain.jpg
2002.04.26 14:34 B D:\Documents and Settings\James Tysse\My Documents\My Webs\myweb2\images\_vti_cnf\STmark twain solo.jpg --> blue.unix.virginia.edu /h1/j/je/jet6m/images/_vti_cnf STmark twain solo.jpg
2002.04.26 14:34 B D:\Documents and Settings\James Tysse\My Documents\My Webs\myweb2\images\_vti_cnf\STMT close.jpg --> blue.unix.virginia.edu /h1/j/je/jet6m/images/_vti_cnf STMT close.jpg
2002.04.26 14:34 B D:\Documents and Settings\James Tysse\My Documents\My Webs\myweb2\images\_vti_cnf\STtwaincigar.jpg --> blue.unix.virginia.edu /h1/j/je/jet6m/images/_vti_cnf STtwaincigar.jpg
2002.04.26 14:34 B D:\Documents and Settings\James Tysse\My Documents\My Webs\myweb2\images\_vti_cnf\Thumbs.db --> blue.unix.virginia.edu /h1/j/je/jet6m/images/_vti_cnf Thumbs.db
2002.04.26 14:34 B D:\Documents and Settings\James Tysse\My Documents\My Webs\myweb2\images\_vti_cnf\Twa2Tom32.gif --> blue.unix.virginia.edu /h1/j/je/jet6m/images/_vti_cnf Twa2Tom32.gif
2002.04.26 14:34 B D:\Documents and Settings\James Tysse\My Documents\My Webs\myweb2\images\_vti_cnf\twain and star trek cast.jpg --> blue.unix.virginia.edu /h1/j/je/jet6m/images/_vti_cnf twain and star trek cast.jpg
2002.04.26 14:34 B D:\Documents and Settings\James Tysse\My Documents\My Webs\myweb2\images\_vti_cnf\untitled.bmp --> blue.unix.virginia.edu /h1/j/je/jet6m/images/_vti_cnf untitled.bmp
2002.04.26 14:34 B D:\Documents and Settings\James Tysse\My Documents\My Webs\myweb2\images\_vti_cnf\watching the funeral.jpg --> blue.unix.virginia.edu /h1/j/je/jet6m/images/_vti_cnf watching the funeral.jpg
2002.04.26 14:34 B D:\Documents and Settings\James Tysse\My Documents\My Webs\myweb2\images\_vti_cnf\whitewash.jpg --> blue.unix.virginia.edu /h1/j/je/jet6m/images/_vti_cnf whitewash.jpg
2002.04.26 14:34 B D:\Documents and Settings\James Tysse\My Documents\My Webs\myweb2\images\_vti_cnf\whitewashing.WMV --> blue.unix.virginia.edu /h1/j/je/jet6m/images/_vti_cnf whitewashing.WMV
2002.04.26 14:34 B D:\Documents and Settings\James Tysse\My Documents\My Webs\myweb2\images\_vti_cnf\yankee1.WMV --> blue.unix.virginia.edu /h1/j/je/jet6m/images/_vti_cnf yankee1.WMV
2002.04.26 14:43 B D:\Documents and Settings\James Tysse\My Documents\My Webs\myweb2\images\_vti_cnf\data49er.jpg --> blue.unix.virginia.edu /h1/j/je/jet6m/public_html/images/_vti_cnf data49er.jpg
2002.04.26 14:43 B D:\Documents and Settings\James Tysse\My Documents\My Webs\myweb2\images\_vti_cnf\funeral.WMV --> blue.unix.virginia.edu /h1/j/je/jet6m/public_html/images/_vti_cnf funeral.WMV
2002.04.26 14:43 B D:\Documents and Settings\James Tysse\My Documents\My Webs\myweb2\images\_vti_cnf\halley's.wmv --> blue.unix.virginia.edu /h1/j/je/jet6m/public_html/images/_vti_cnf halley's.wmv
2002.04.26 14:43 B D:\Documents and Settings\James Tysse\My Documents\My Webs\myweb2\images\_vti_cnf\hanged.jpg --> blue.unix.virginia.edu /h1/j/je/jet6m/public_html/images/_vti_cnf hanged.jpg
2002.04.26 14:43 B D:\Documents and Settings\James Tysse\My Documents\My Webs\myweb2\images\_vti_cnf\huck and tom.gif --> blue.unix.virginia.edu /h1/j/je/jet6m/public_html/images/_vti_cnf huck and tom.gif
2002.04.26 14:43 B D:\Documents and Settings\James Tysse\My Documents\My Webs\myweb2\images\_vti_cnf\huck and tom.JPG --> blue.unix.virginia.edu /h1/j/je/jet6m/public_html/images/_vti_cnf huck and tom.JPG
2002.04.26 14:43 B D:\Documents and Settings\James Tysse\My Documents\My Webs\myweb2\images\_vti_cnf\huck tom steamboat.jpg --> blue.unix.virginia.edu /h1/j/je/jet6m/public_html/images/_vti_cnf huck tom steamboat.jpg
2002.04.26 14:43 B D:\Documents and Settings\James Tysse\My Documents\My Webs\myweb2\images\_vti_cnf\huckandlisa.jpg --> blue.unix.virginia.edu /h1/j/je/jet6m/public_html/images/_vti_cnf huckandlisa.jpg
2002.04.26 14:43 B D:\Documents and Settings\James Tysse\My Documents\My Webs\myweb2\images\_vti_cnf\light out.WMV --> blue.unix.virginia.edu /h1/j/je/jet6m/public_html/images/_vti_cnf light out.WMV
2002.04.26 14:43 B D:\Documents and Settings\James Tysse\My Documents\My Webs\myweb2\images\_vti_cnf\mtsemback.jpg --> blue.unix.virginia.edu /h1/j/je/jet6m/public_html/images/_vti_cnf mtsemback.jpg
2002.04.26 14:43 B D:\Documents and Settings\James Tysse\My Documents\My Webs\myweb2\images\_vti_cnf\old man river.jpg --> blue.unix.virginia.edu /h1/j/je/jet6m/public_html/images/_vti_cnf old man river.jpg
2002.04.26 14:43 B D:\Documents and Settings\James Tysse\My Documents\My Webs\myweb2\images\_vti_cnf\sawyerfinnfuneral.jpg --> blue.unix.virginia.edu /h1/j/je/jet6m/public_html/images/_vti_cnf sawyerfinnfuneral.jpg
2002.04.26 14:43 B D:\Documents and Settings\James Tysse\My Documents\My Webs\myweb2\images\_vti_cnf\simpsons intro 1.WMV --> blue.unix.virginia.edu /h1/j/je/jet6m/public_html/images/_vti_cnf simpsons intro 1.WMV
2002.04.26 14:43 B D:\Documents and Settings\James Tysse\My Documents\My Webs\myweb2\images\_vti_cnf\simpsons091299.jpg --> blue.unix.virginia.edu /h1/j/je/jet6m/public_html/images/_vti_cnf simpsons091299.jpg
2002.04.26 14:43 B D:\Documents and Settings\James Tysse\My Documents\My Webs\myweb2\images\_vti_cnf\STcrewno twain.jpg --> blue.unix.virginia.edu /h1/j/je/jet6m/public_html/images/_vti_cnf STcrewno twain.jpg
2002.04.26 14:43 B D:\Documents and Settings\James Tysse\My Documents\My Webs\myweb2\images\_vti_cnf\STmark twain solo.jpg --> blue.unix.virginia.edu /h1/j/je/jet6m/public_html/images/_vti_cnf STmark twain solo.jpg
2002.04.26 14:43 B D:\Documents and Settings\James Tysse\My Documents\My Webs\myweb2\images\_vti_cnf\STMT close.jpg --> blue.unix.virginia.edu /h1/j/je/jet6m/public_html/images/_vti_cnf STMT close.jpg
2002.04.26 14:43 B D:\Documents and Settings\James Tysse\My Documents\My Webs\myweb2\images\_vti_cnf\STtwaincigar.jpg --> blue.unix.virginia.edu /h1/j/je/jet6m/public_html/images/_vti_cnf STtwaincigar.jpg
2002.04.26 14:43 B D:\Documents and Settings\James Tysse\My Documents\My Webs\myweb2\images\_vti_cnf\Thumbs.db --> blue.unix.virginia.edu /h1/j/je/jet6m/public_html/images/_vti_cnf Thumbs.db
2002.04.26 14:43 B D:\Documents and Settings\James Tysse\My Documents\My Webs\myweb2\images\_vti_cnf\Twa2Tom32.gif --> blue.unix.virginia.edu /h1/j/je/jet6m/public_html/images/_vti_cnf Twa2Tom32.gif
2002.04.26 14:43 B D:\Documents and Settings\James Tysse\My Documents\My Webs\myweb2\images\_vti_cnf\twain and star trek cast.jpg --> blue.unix.virginia.edu /h1/j/je/jet6m/public_html/images/_vti_cnf twain and star trek cast.jpg
2002.04.26 14:43 B D:\Documents and Settings\James Tysse\My Documents\My Webs\myweb2\images\_vti_cnf\untitled.bmp --> blue.unix.virginia.edu /h1/j/je/jet6m/public_html/images/_vti_cnf untitled.bmp
2002.04.26 14:43 B D:\Documents and Settings\James Tysse\My Documents\My Webs\myweb2\images\_vti_cnf\watching the funeral.jpg --> blue.unix.virginia.edu /h1/j/je/jet6m/public_html/images/_vti_cnf watching the funeral.jpg
2002.04.26 14:43 B D:\Documents and Settings\James Tysse\My Documents\My Webs\myweb2\images\_vti_cnf\whitewash.jpg --> blue.unix.virginia.edu /h1/j/je/jet6m/public_html/images/_vti_cnf whitewash.jpg
2002.04.26 14:43 B D:\Documents and Settings\James Tysse\My Documents\My Webs\myweb2\images\_vti_cnf\whitewashing.WMV --> blue.unix.virginia.edu /h1/j/je/jet6m/public_html/images/_vti_cnf whitewashing.WMV
2002.04.26 14:43 B D:\Documents and Settings\James Tysse\My Documents\My Webs\myweb2\images\_vti_cnf\WS_FTP.LOG --> blue.unix.virginia.edu /h1/j/je/jet6m/public_html/images/_vti_cnf WS_FTP.LOG
2002.04.26 14:43 B D:\Documents and Settings\James Tysse\My Documents\My Webs\myweb2\images\_vti_cnf\yankee1.WMV --> blue.unix.virginia.edu /h1/j/je/jet6m/public_html/images/_vti_cnf yankee1.WMV
2002.04.26 16:39 B D:\Documents and Settings\James Tysse\My Documents\My Webs\myweb2\images\_vti_cnf\funeral.WMV --> blue.unix.virginia.edu /h1/j/je/jet6m/public_html/images/_vti_cnf funeral.WMV
2002.04.26 16:39 B D:\Documents and Settings\James Tysse\My Documents\My Webs\myweb2\images\_vti_cnf\light out.WMV --> blue.unix.virginia.edu /h1/j/je/jet6m/public_html/images/_vti_cnf light out.WMV
2002.04.26 16:39 B D:\Documents and Settings\James Tysse\My Documents\My Webs\myweb2\images\_vti_cnf\WS_FTP.LOG --> blue.unix.virginia.edu /h1/j/je/jet6m/public_html/images/_vti_cnf WS_FTP.LOG
2002.04.26 19:05 B D:\Documents and Settings\James Tysse\My Documents\My Webs\myweb2\images\_vti_cnf\huck and tom.JPG --> blue.unix.virginia.edu /h1/j/je/jet6m/public_html/images/_vti_cnf huck and tom.JPG
2002.04.26 19:05 B D:\Documents and Settings\James Tysse\My Documents\My Webs\myweb2\images\_vti_cnf\mtsemback.jpg --> blue.unix.virginia.edu /h1/j/je/jet6m/public_html/images/_vti_cnf mtsemback.jpg
2002.04.26 19:05 B D:\Documents and Settings\James Tysse\My Documents\My Webs\myweb2\images\_vti_cnf\simpsons091299.jpg --> blue.unix.virginia.edu /h1/j/je/jet6m/public_html/images/_vti_cnf simpsons091299.jpg
2002.04.26 19:05 B D:\Documents and Settings\James Tysse\My Documents\My Webs\myweb2\images\_vti_cnf\SThappyending.WMV --> blue.unix.virginia.edu /h1/j/je/jet6m/public_html/images/_vti_cnf SThappyending.WMV
2002.04.26 19:05 B D:\Documents and Settings\James Tysse\My Documents\My Webs\myweb2\images\_vti_cnf\STimperialismvideo.WMV --> blue.unix.virginia.edu /h1/j/je/jet6m/public_html/images/_vti_cnf STimperialismvideo.WMV
2002.04.26 19:05 B D:\Documents and Settings\James Tysse\My Documents\My Webs\myweb2\images\_vti_cnf\STmarktwaincigarvideo.WMV --> blue.unix.virginia.edu /h1/j/je/jet6m/public_html/images/_vti_cnf STmarktwaincigarvideo.WMV
2002.04.26 19:05 B D:\Documents and Settings\James Tysse\My Documents\My Webs\myweb2\images\_vti_cnf\STmaybe its worth giving up cigars.WMV --> blue.unix.virginia.edu /h1/j/je/jet6m/public_html/images/_vti_cnf STmaybe its worth giving up cigars.WMV
2002.04.26 19:05 B D:\Documents and Settings\James Tysse\My Documents\My Webs\myweb2\images\_vti_cnf\STtwaincigar.jpg --> blue.unix.virginia.edu /h1/j/je/jet6m/public_html/images/_vti_cnf STtwaincigar.jpg
2002.04.26 19:05 B D:\Documents and Settings\James Tysse\My Documents\My Webs\myweb2\images\_vti_cnf\STtwaingadget.jpg --> blue.unix.virginia.edu /h1/j/je/jet6m/public_html/images/_vti_cnf STtwaingadget.jpg
2002.04.26 19:05 B D:\Documents and Settings\James Tysse\My Documents\My Webs\myweb2\images\_vti_cnf\STtwainintransporter.jpg --> blue.unix.virginia.edu /h1/j/je/jet6m/public_html/images/_vti_cnf STtwainintransporter.jpg
2002.04.26 19:05 B D:\Documents and Settings\James Tysse\My Documents\My Webs\myweb2\images\_vti_cnf\STtwainthecynic.WMV --> blue.unix.virginia.edu /h1/j/je/jet6m/public_html/images/_vti_cnf STtwainthecynic.WMV
2002.04.26 19:05 B D:\Documents and Settings\James Tysse\My Documents\My Webs\myweb2\images\_vti_cnf\STwhatiam.wmv --> blue.unix.virginia.edu /h1/j/je/jet6m/public_html/images/_vti_cnf STwhatiam.wmv
2002.04.26 19:05 B D:\Documents and Settings\James Tysse\My Documents\My Webs\myweb2\images\_vti_cnf\watching the funeral.jpg --> blue.unix.virginia.edu /h1/j/je/jet6m/public_html/images/_vti_cnf watching the funeral.jpg
2002.04.26 19:05 B D:\Documents and Settings\James Tysse\My Documents\My Webs\myweb2\images\_vti_cnf\WS_FTP.LOG --> blue.unix.virginia.edu /h1/j/je/jet6m/public_html/images/_vti_cnf WS_FTP.LOG
2002.04.26 19:05 B D:\Documents and Settings\James Tysse\My Documents\My Webs\myweb2\images\_vti_cnf\yankee1.WMV --> blue.unix.virginia.edu /h1/j/je/jet6m/public_html/images/_vti_cnf yankee1.WMV
2002.04.26 20:17 B D:\Documents and Settings\James Tysse\My Documents\My Webs\myweb2\images\_vti_cnf\STmaybe its worth giving up cigars.WMV --> blue.unix.virginia.edu /h1/j/je/jet6m/public_html/images/_vti_cnf STmaybe its worth giving up cigars.WMV
2002.04.26 20:17 B D:\Documents and Settings\James Tysse\My Documents\My Webs\myweb2\images\_vti_cnf\WS_FTP.LOG --> blue.unix.virginia.edu /h1/j/je/jet6m/public_html/images/_vti_cnf WS_FTP.LOG
2002.04.26 20:26 B D:\Documents and Settings\James Tysse\My Documents\My Webs\myweb2\images\_vti_cnf\WS_FTP.LOG --> blue.unix.virginia.edu /h1/j/je/jet6m/public_html/images/_vti_cnf WS_FTP.LOG
2002.05.29 10:00 B C:\data\james\images\_vti_cnf\WS_FTP.LOG <-- blue /h1/j/je/jet6m/public_html/images/_vti_cnf WS_FTP.LOG
2002.05.29 10:00 B C:\data\james\images\_vti_cnf\yankee1.WMV <-- blue /h1/j/je/jet6m/public_html/images/_vti_cnf yankee1.WMV
2002.05.29 10:03 B C:\data\james\images\_vti_cnf\data49er.jpg --> etext.lib.virginia.edu /lv6/workspace/railton/projects/tysse/images/_vti_cnf data49er.jpg
2002.05.29 10:03 B C:\data\james\images\_vti_cnf\funeral.WMV --> etext.lib.virginia.edu /lv6/workspace/railton/projects/tysse/images/_vti_cnf funeral.WMV
2002.05.29 10:03 B C:\data\james\images\_vti_cnf\halley's.wmv --> etext.lib.virginia.edu /lv6/workspace/railton/projects/tysse/images/_vti_cnf halley's.wmv
2002.05.29 10:03 B C:\data\james\images\_vti_cnf\hanged.jpg --> etext.lib.virginia.edu /lv6/workspace/railton/projects/tysse/images/_vti_cnf hanged.jpg
2002.05.29 10:03 B C:\data\james\images\_vti_cnf\huck and tom.gif --> etext.lib.virginia.edu /lv6/workspace/railton/projects/tysse/images/_vti_cnf huck and tom.gif
2002.05.29 10:03 B C:\data\james\images\_vti_cnf\huck and tom.JPG --> etext.lib.virginia.edu /lv6/workspace/railton/projects/tysse/images/_vti_cnf huck and tom.JPG
2002.05.29 10:03 B C:\data\james\images\_vti_cnf\huck tom steamboat.jpg --> etext.lib.virginia.edu /lv6/workspace/railton/projects/tysse/images/_vti_cnf huck tom steamboat.jpg
2002.05.29 10:03 B C:\data\james\images\_vti_cnf\huckandlisa.jpg --> etext.lib.virginia.edu /lv6/workspace/railton/projects/tysse/images/_vti_cnf huckandlisa.jpg
2002.05.29 10:03 B C:\data\james\images\_vti_cnf\light out.WMV --> etext.lib.virginia.edu /lv6/workspace/railton/projects/tysse/images/_vti_cnf light out.WMV
2002.05.29 10:03 B C:\data\james\images\_vti_cnf\mtsemback.jpg --> etext.lib.virginia.edu /lv6/workspace/railton/projects/tysse/images/_vti_cnf mtsemback.jpg
2002.05.29 10:03 B C:\data\james\images\_vti_cnf\old man river.jpg --> etext.lib.virginia.edu /lv6/workspace/railton/projects/tysse/images/_vti_cnf old man river.jpg
2002.05.29 10:03 B C:\data\james\images\_vti_cnf\sawyerfinnfuneral.jpg --> etext.lib.virginia.edu /lv6/workspace/railton/projects/tysse/images/_vti_cnf sawyerfinnfuneral.jpg
2002.05.29 10:03 B C:\data\james\images\_vti_cnf\simpsons intro 1.WMV --> etext.lib.virginia.edu /lv6/workspace/railton/projects/tysse/images/_vti_cnf simpsons intro 1.WMV
2002.05.29 10:03 B C:\data\james\images\_vti_cnf\simpsons091299.jpg --> etext.lib.virginia.edu /lv6/workspace/railton/projects/tysse/images/_vti_cnf simpsons091299.jpg
2002.05.29 10:03 B C:\data\james\images\_vti_cnf\STcrewno twain.jpg --> etext.lib.virginia.edu /lv6/workspace/railton/projects/tysse/images/_vti_cnf STcrewno twain.jpg
2002.05.29 10:03 B C:\data\james\images\_vti_cnf\SThappyending.WMV --> etext.lib.virginia.edu /lv6/workspace/railton/projects/tysse/images/_vti_cnf SThappyending.WMV
2002.05.29 10:03 B C:\data\james\images\_vti_cnf\STimperialismvideo.WMV --> etext.lib.virginia.edu /lv6/workspace/railton/projects/tysse/images/_vti_cnf STimperialismvideo.WMV
2002.05.29 10:03 B C:\data\james\images\_vti_cnf\STmark twain solo.jpg --> etext.lib.virginia.edu /lv6/workspace/railton/projects/tysse/images/_vti_cnf STmark twain solo.jpg
2002.05.29 10:03 B C:\data\james\images\_vti_cnf\STmarktwaincigarvideo.WMV --> etext.lib.virginia.edu /lv6/workspace/railton/projects/tysse/images/_vti_cnf STmarktwaincigarvideo.WMV
2002.05.29 10:03 B C:\data\james\images\_vti_cnf\STmaybe its worth giving up cigars.WMV --> etext.lib.virginia.edu /lv6/workspace/railton/projects/tysse/images/_vti_cnf STmaybe its worth giving up cigars.WMV
2002.05.29 10:03 B C:\data\james\images\_vti_cnf\STMT close.jpg --> etext.lib.virginia.edu /lv6/workspace/railton/projects/tysse/images/_vti_cnf STMT close.jpg
2002.05.29 10:03 B C:\data\james\images\_vti_cnf\STtwaincigar.jpg --> etext.lib.virginia.edu /lv6/workspace/railton/projects/tysse/images/_vti_cnf STtwaincigar.jpg
2002.05.29 10:03 B C:\data\james\images\_vti_cnf\STtwaingadget.jpg --> etext.lib.virginia.edu /lv6/workspace/railton/projects/tysse/images/_vti_cnf STtwaingadget.jpg
2002.05.29 10:03 B C:\data\james\images\_vti_cnf\STtwainintransporter.jpg --> etext.lib.virginia.edu /lv6/workspace/railton/projects/tysse/images/_vti_cnf STtwainintransporter.jpg
2002.05.29 10:03 B C:\data\james\images\_vti_cnf\STtwainthecynic.WMV --> etext.lib.virginia.edu /lv6/workspace/railton/projects/tysse/images/_vti_cnf STtwainthecynic.WMV
2002.05.29 10:03 B C:\data\james\images\_vti_cnf\STwhatiam.wmv --> etext.lib.virginia.edu /lv6/workspace/railton/projects/tysse/images/_vti_cnf STwhatiam.wmv
2002.05.29 10:03 B C:\data\james\images\_vti_cnf\Thumbs.db --> etext.lib.virginia.edu /lv6/workspace/railton/projects/tysse/images/_vti_cnf Thumbs.db
2002.05.29 10:03 B C:\data\james\images\_vti_cnf\Twa2Tom32.gif --> etext.lib.virginia.edu /lv6/workspace/railton/projects/tysse/images/_vti_cnf Twa2Tom32.gif
2002.05.29 10:03 B C:\data\james\images\_vti_cnf\twain and star trek cast.jpg --> etext.lib.virginia.edu /lv6/workspace/railton/projects/tysse/images/_vti_cnf twain and star trek cast.jpg
2002.05.29 10:03 B C:\data\james\images\_vti_cnf\untitled.bmp --> etext.lib.virginia.edu /lv6/workspace/railton/projects/tysse/images/_vti_cnf untitled.bmp
2002.05.29 10:03 B C:\data\james\images\_vti_cnf\watching the funeral.jpg --> etext.lib.virginia.edu /lv6/workspace/railton/projects/tysse/images/_vti_cnf watching the funeral.jpg
2002.05.29 10:03 B C:\data\james\images\_vti_cnf\whitewash.jpg --> etext.lib.virginia.edu /lv6/workspace/railton/projects/tysse/images/_vti_cnf whitewash.jpg
2002.05.29 10:03 B C:\data\james\images\_vti_cnf\whitewashing.WMV --> etext.lib.virginia.edu /lv6/workspace/railton/projects/tysse/images/_vti_cnf whitewashing.WMV
