vti_encoding:SR|utf8-nl
vti_timelastmodified:TR|01 May 2002 19:55:03 -0000
vti_extenderversion:SR|5.0.2.2623
vti_lineageid:SR|{145D9859-C7ED-4015-B8E7-1F77CE769E18}
vti_cacheddtm:TX|01 May 2002 19:55:03 -0000
vti_filesize:IR|2918
vti_backlinkinfo:VX|
2002.05.01 16:49 B D:\Documents and Settings\James Tysse\My Documents\My Webs\myweb2\_vti_cnf\index.htm --> blue.unix.virginia.edu /h1/j/je/jet6m/public_html/_vti_cnf index.htm
2002.05.01 16:49 B D:\Documents and Settings\James Tysse\My Documents\My Webs\myweb2\_vti_cnf\INDEXmainpage.htm --> blue.unix.virginia.edu /h1/j/je/jet6m/public_html/_vti_cnf INDEXmainpage.htm
2002.05.01 16:49 B D:\Documents and Settings\James Tysse\My Documents\My Webs\myweb2\_vti_cnf\INDEXsidebar --> blue.unix.virginia.edu /h1/j/je/jet6m/public_html/_vti_cnf INDEXsidebar
2002.05.01 16:49 B D:\Documents and Settings\James Tysse\My Documents\My Webs\myweb2\_vti_cnf\SIMPSONSframeset.htm --> blue.unix.virginia.edu /h1/j/je/jet6m/public_html/_vti_cnf SIMPSONSframeset.htm
2002.05.01 16:49 B D:\Documents and Settings\James Tysse\My Documents\My Webs\myweb2\_vti_cnf\SIMPSONShome.htm --> blue.unix.virginia.edu /h1/j/je/jet6m/public_html/_vti_cnf SIMPSONShome.htm
2002.05.01 16:49 B D:\Documents and Settings\James Tysse\My Documents\My Webs\myweb2\_vti_cnf\SIMPSONSmedia.htm --> blue.unix.virginia.edu /h1/j/je/jet6m/public_html/_vti_cnf SIMPSONSmedia.htm
2002.05.01 16:49 B D:\Documents and Settings\James Tysse\My Documents\My Webs\myweb2\_vti_cnf\SIMPSONSsidebar.htm --> blue.unix.virginia.edu /h1/j/je/jet6m/public_html/_vti_cnf SIMPSONSsidebar.htm
2002.05.01 16:49 B D:\Documents and Settings\James Tysse\My Documents\My Webs\myweb2\_vti_cnf\SIMPSONSsources.htm --> blue.unix.virginia.edu /h1/j/je/jet6m/public_html/_vti_cnf SIMPSONSsources.htm
2002.05.01 16:49 B D:\Documents and Settings\James Tysse\My Documents\My Webs\myweb2\_vti_cnf\SIMPSONSsynopsis.htm --> blue.unix.virginia.edu /h1/j/je/jet6m/public_html/_vti_cnf SIMPSONSsynopsis.htm
2002.05.01 16:49 B D:\Documents and Settings\James Tysse\My Documents\My Webs\myweb2\_vti_cnf\SIMPSONSthings.htm --> blue.unix.virginia.edu /h1/j/je/jet6m/public_html/_vti_cnf SIMPSONSthings.htm
2002.05.01 16:49 B D:\Documents and Settings\James Tysse\My Documents\My Webs\myweb2\_vti_cnf\STframeset.htm --> blue.unix.virginia.edu /h1/j/je/jet6m/public_html/_vti_cnf STframeset.htm
2002.05.01 16:49 B D:\Documents and Settings\James Tysse\My Documents\My Webs\myweb2\_vti_cnf\SThome.htm --> blue.unix.virginia.edu /h1/j/je/jet6m/public_html/_vti_cnf SThome.htm
2002.05.01 16:49 B D:\Documents and Settings\James Tysse\My Documents\My Webs\myweb2\_vti_cnf\STmedia.htm --> blue.unix.virginia.edu /h1/j/je/jet6m/public_html/_vti_cnf STmedia.htm
2002.05.01 16:49 B D:\Documents and Settings\James Tysse\My Documents\My Webs\myweb2\_vti_cnf\STsidebar.htm --> blue.unix.virginia.edu /h1/j/je/jet6m/public_html/_vti_cnf STsidebar.htm
2002.05.01 16:49 B D:\Documents and Settings\James Tysse\My Documents\My Webs\myweb2\_vti_cnf\STsources.htm --> blue.unix.virginia.edu /h1/j/je/jet6m/public_html/_vti_cnf STsources.htm
2002.05.01 16:49 B D:\Documents and Settings\James Tysse\My Documents\My Webs\myweb2\_vti_cnf\STsynopsis.htm --> blue.unix.virginia.edu /h1/j/je/jet6m/public_html/_vti_cnf STsynopsis.htm
2002.05.01 16:49 B D:\Documents and Settings\James Tysse\My Documents\My Webs\myweb2\_vti_cnf\STthings.htm --> blue.unix.virginia.edu /h1/j/je/jet6m/public_html/_vti_cnf STthings.htm
2002.05.29 10:00 B C:\data\james\_vti_cnf\WS_FTP.LOG <-- blue /h1/j/je/jet6m/public_html/_vti_cnf WS_FTP.LOG
2002.05.29 10:02 B C:\data\james\_vti_cnf\huck and tom_small.JPG --> etext.lib.virginia.edu /lv6/workspace/railton/projects/tysse/_vti_cnf huck and tom_small.JPG
2002.05.29 10:02 B C:\data\james\_vti_cnf\index.htm --> etext.lib.virginia.edu /lv6/workspace/railton/projects/tysse/_vti_cnf index.htm
2002.05.29 10:02 B C:\data\james\_vti_cnf\INDEXmainpage.htm --> etext.lib.virginia.edu /lv6/workspace/railton/projects/tysse/_vti_cnf INDEXmainpage.htm
2002.05.29 10:02 B C:\data\james\_vti_cnf\INDEXsidebar --> etext.lib.virginia.edu /lv6/workspace/railton/projects/tysse/_vti_cnf INDEXsidebar
2002.05.29 10:02 B C:\data\james\_vti_cnf\simpsons full.WMV --> etext.lib.virginia.edu /lv6/workspace/railton/projects/tysse/_vti_cnf simpsons full.WMV
2002.05.29 10:02 B C:\data\james\_vti_cnf\SIMPSONSframeset.htm --> etext.lib.virginia.edu /lv6/workspace/railton/projects/tysse/_vti_cnf SIMPSONSframeset.htm
2002.05.29 10:02 B C:\data\james\_vti_cnf\SIMPSONShome.htm --> etext.lib.virginia.edu /lv6/workspace/railton/projects/tysse/_vti_cnf SIMPSONShome.htm
2002.05.29 10:02 B C:\data\james\_vti_cnf\SIMPSONSmedia.htm --> etext.lib.virginia.edu /lv6/workspace/railton/projects/tysse/_vti_cnf SIMPSONSmedia.htm
2002.05.29 10:02 B C:\data\james\_vti_cnf\SIMPSONSsatire.htm --> etext.lib.virginia.edu /lv6/workspace/railton/projects/tysse/_vti_cnf SIMPSONSsatire.htm
2002.05.29 10:02 B C:\data\james\_vti_cnf\SIMPSONSsidebar.htm --> etext.lib.virginia.edu /lv6/workspace/railton/projects/tysse/_vti_cnf SIMPSONSsidebar.htm
2002.05.29 10:02 B C:\data\james\_vti_cnf\SIMPSONSsources.htm --> etext.lib.virginia.edu /lv6/workspace/railton/projects/tysse/_vti_cnf SIMPSONSsources.htm
2002.05.29 10:02 B C:\data\james\_vti_cnf\SIMPSONSsynopsis.htm --> etext.lib.virginia.edu /lv6/workspace/railton/projects/tysse/_vti_cnf SIMPSONSsynopsis.htm
2002.05.29 10:02 B C:\data\james\_vti_cnf\SIMPSONSthings.htm --> etext.lib.virginia.edu /lv6/workspace/railton/projects/tysse/_vti_cnf SIMPSONSthings.htm
2002.05.29 10:02 B C:\data\james\_vti_cnf\STframeset.htm --> etext.lib.virginia.edu /lv6/workspace/railton/projects/tysse/_vti_cnf STframeset.htm
2002.05.29 10:02 B C:\data\james\_vti_cnf\SThome.htm --> etext.lib.virginia.edu /lv6/workspace/railton/projects/tysse/_vti_cnf SThome.htm
2002.05.29 10:02 B C:\data\james\_vti_cnf\STimperialism.htm --> etext.lib.virginia.edu /lv6/workspace/railton/projects/tysse/_vti_cnf STimperialism.htm
2002.05.29 10:02 B C:\data\james\_vti_cnf\STmedia.htm --> etext.lib.virginia.edu /lv6/workspace/railton/projects/tysse/_vti_cnf STmedia.htm
2002.05.29 10:02 B C:\data\james\_vti_cnf\STsidebar.htm --> etext.lib.virginia.edu /lv6/workspace/railton/projects/tysse/_vti_cnf STsidebar.htm
2002.05.29 10:02 B C:\data\james\_vti_cnf\STsources.htm --> etext.lib.virginia.edu /lv6/workspace/railton/projects/tysse/_vti_cnf STsources.htm
2002.05.29 10:02 B C:\data\james\_vti_cnf\STsynopsis.htm --> etext.lib.virginia.edu /lv6/workspace/railton/projects/tysse/_vti_cnf STsynopsis.htm
2002.05.29 10:02 B C:\data\james\_vti_cnf\STthings.htm --> etext.lib.virginia.edu /lv6/workspace/railton/projects/tysse/_vti_cnf STthings.htm
2002.05.29 10:02 B C:\data\james\_vti_cnf\Thumbs.db --> etext.lib.virginia.edu /lv6/workspace/railton/projects/tysse/_vti_cnf Thumbs.db
